2022-10-11T12:24:53-03:00 INFO  Logger mercat ui configurado!
 2022-10-11T12:25:12-03:00 INFO  Logger mercat ui configurado!
 2022-10-11T12:25:57-03:00 INFO  Logger mercat ui configurado!
 2022-10-11T12:26:32-03:00 INFO  Logger mercat ui configurado!
 2022-10-11T12:26:33-03:00 DEBUG 
==========================
Sql: SELECT s0_.oid AS oid_0, s0_.username AS username_1, s0_.password AS password_2, s0_.name AS name_3, s0_.email AS email_4, s0_.lastLogin AS lastLogin_5, s0_.loginFrom AS loginFrom_6, s0_.logged AS logged_7, s0_.lastname AS lastname_8 FROM security_user s0_ LEFT JOIN security_users_groups s2_ ON s0_.oid = s2_.user_oid LEFT JOIN security_usergroup s1_ ON s1_.oid = s2_.usergroup_oid WHERE s0_.username = ?
Params: Array
(
    [0] => mpinia
)

Types: Array
(
    [0] => 2
)

==========================

 2022-10-11T12:26:33-03:00 DEBUG stop query
 2022-10-11T12:26:33-03:00 INFO  C05E5ECURT1C05E5 - c0NlbVRBV1duanNjeDUyTUpLWkFQdz09OjowEqRGyopQ6RTKNuQfzRyC - aes-128-cbc
 2022-10-11T12:26:33-03:00 INFO  NDä@”E=BÓ‘9 - sCemTAWWnjscx52MJKZAPw== - 0¤FÊŠPéÊ6äÍ‚
 2022-10-11T12:26:33-03:00 INFO  Decr: mAsp0149!
 2022-10-11T12:26:33-03:00 INFO  Pass: mAsp0149! => c0NlbVRBV1duanNjeDUyTUpLWkFQdz09OjowEqRGyopQ6RTKNuQfzRyC
 2022-10-11T12:26:33-03:00 DEBUG 
==========================
Sql: SELECT count(s0_.oid) AS sclr_0 FROM security_user s0_ LEFT JOIN security_users_groups s2_ ON s0_.oid = s2_.user_oid LEFT JOIN security_usergroup s1_ ON s1_.oid = s2_.usergroup_oid WHERE s0_.oid <> ? AND s0_.username = ?
Params: Array
(
    [0] => 3
    [1] => mpinia
)

Types: Array
(
    [0] => integer
    [1] => 2
)

==========================

 2022-10-11T12:26:33-03:00 DEBUG stop query
 2022-10-11T12:26:33-03:00 DEBUG 
==========================
Sql: "START TRANSACTION"
Params: 
Types: 
==========================

 2022-10-11T12:26:33-03:00 DEBUG stop query
 2022-10-11T12:26:33-03:00 DEBUG 
==========================
Sql: UPDATE security_user SET lastLogin = ? WHERE oid = ?
Params: Array
(
    [0] => DateTime Object
        (
            [date] => 2022-10-11 12:26:33.351269
            [timezone_type] => 3
            [timezone] => America/Argentina/Buenos_Aires
        )

    [1] => 3
)

Types: Array
(
    [0] => datetime
    [1] => integer
)

==========================

 2022-10-11T12:26:33-03:00 DEBUG stop query
 2022-10-11T12:26:33-03:00 DEBUG 
==========================
Sql: "COMMIT"
Params: 
Types: 
==========================

 2022-10-11T12:26:33-03:00 DEBUG stop query
 2022-10-11T12:26:33-03:00 DEBUG 
==========================
Sql: SELECT s0_.oid AS oid_0, s0_.username AS username_1, s0_.password AS password_2, s0_.name AS name_3, s0_.email AS email_4, s0_.lastLogin AS lastLogin_5, s0_.loginFrom AS loginFrom_6, s0_.logged AS logged_7, s0_.lastname AS lastname_8 FROM security_user s0_ LEFT JOIN security_users_groups s2_ ON s0_.oid = s2_.user_oid LEFT JOIN security_usergroup s1_ ON s1_.oid = s2_.usergroup_oid WHERE s0_.username = ?
Params: Array
(
    [0] => mpinia
)

Types: Array
(
    [0] => 2
)

==========================

 2022-10-11T12:26:33-03:00 DEBUG stop query
 2022-10-11T12:26:33-03:00 DEBUG 
==========================
Sql: SELECT t0.oid AS oid_1, t0.name AS name_2, t0.description AS description_3, t0.level AS level_4 FROM security_usergroup t0 INNER JOIN security_users_groups ON t0.oid = security_users_groups.usergroup_oid WHERE security_users_groups.user_oid = ?
Params: Array
(
    [0] => 3
)

Types: Array
(
    [0] => integer
)

==========================

 2022-10-11T12:26:33-03:00 DEBUG stop query
 2022-10-11T12:26:33-03:00 INFO  Logger mercat ui configurado!
 2022-10-11T12:28:48-03:00 INFO  Logger mercat ui configurado!
 2022-10-11T12:28:55-03:00 INFO  Logger mercat ui configurado!
 2022-10-11T14:18:07-03:00 INFO  Logger mercat ui configurado!
 2022-10-11T14:18:07-03:00 DEBUG 
==========================
Sql: SELECT m0_.oid AS oid_0, m0_.fecha AS fecha_1, m0_.codigo AS codigo_2, m0_.nombre AS nombre_3, m0_.descripcion AS descripcion_4, m0_.stock AS stock_5, m0_.stockMinimo AS stockMinimo_6, m0_.precioLista AS precioLista_7, m0_.precioEfectivo AS precioEfectivo_8, m0_.costo AS costo_9, m0_.porcentajeGanancia AS porcentajeGanancia_10, m0_.porcentajeGanancia2 AS porcentajeGanancia2_11, m0_.vencimiento AS vencimiento_12, m0_.cantidad AS cantidad_13, m1_.oid AS oid_14, m1_.nombre AS nombre_15, m2_.oid AS oid_16, m2_.nombre AS nombre_17, m0_.tipoProducto_oid AS tipoProducto_oid_18, m0_.marcaProducto_oid AS marcaProducto_oid_19, m0_.iva_oid AS iva_oid_20 FROM mercat_producto m0_ LEFT JOIN mercat_tipo_producto m1_ ON m0_.tipoProducto_oid = m1_.oid LEFT JOIN mercat_marca_producto m2_ ON m0_.marcaProducto_oid = m2_.oid WHERE m0_.stockMinimo >= m0_.stock
Params: Array
(
)

Types: Array
(
)

==========================

 2022-10-11T14:18:07-03:00 DEBUG stop query
 2022-10-11T14:19:06-03:00 INFO  Logger mercat ui configurado!
 2022-10-11T14:19:06-03:00 DEBUG 
==========================
Sql: SELECT m0_.oid AS oid_0, m0_.fecha AS fecha_1, m0_.codigo AS codigo_2, m0_.nombre AS nombre_3, m0_.descripcion AS descripcion_4, m0_.stock AS stock_5, m0_.stockMinimo AS stockMinimo_6, m0_.precioLista AS precioLista_7, m0_.precioEfectivo AS precioEfectivo_8, m0_.costo AS costo_9, m0_.porcentajeGanancia AS porcentajeGanancia_10, m0_.porcentajeGanancia2 AS porcentajeGanancia2_11, m0_.vencimiento AS vencimiento_12, m0_.cantidad AS cantidad_13, m1_.oid AS oid_14, m1_.nombre AS nombre_15, m2_.oid AS oid_16, m2_.nombre AS nombre_17, m0_.tipoProducto_oid AS tipoProducto_oid_18, m0_.marcaProducto_oid AS marcaProducto_oid_19, m0_.iva_oid AS iva_oid_20 FROM mercat_producto m0_ LEFT JOIN mercat_tipo_producto m1_ ON m0_.tipoProducto_oid = m1_.oid LEFT JOIN mercat_marca_producto m2_ ON m0_.marcaProducto_oid = m2_.oid WHERE m0_.stockMinimo >= m0_.stock
Params: Array
(
)

Types: Array
(
)

==========================

 2022-10-11T14:19:06-03:00 DEBUG stop query
 2022-10-11T14:19:06-03:00 DEBUG 
==========================
Sql: SELECT count(m0_.oid) AS sclr_0 FROM mercat_pedido m0_ LEFT JOIN mercat_proveedor m1_ ON m0_.proveedor_oid = m1_.oid WHERE m0_.fechaHoraRecibido IS NULL AND m0_.estado <> 4
Params: Array
(
)

Types: Array
(
)

==========================

 2022-10-11T14:19:06-03:00 DEBUG stop query
 2022-10-11T14:19:06-03:00 DEBUG 
==========================
Sql: SELECT t0.oid AS oid_5, t0.numero AS numero_6, t0.fecha AS fecha_7, t0.saldoInicial AS saldoInicial_8, t0.saldo AS saldo_9, t0.discr, t1.cliente_oid AS cliente_oid_10, t3.nombre AS nombre_11, t3.cbu AS cbu_12, t3.titular AS titular_13, t3.cuit AS cuit_14, t4.marca AS marca_15, t4.nro AS nro_16, t4.titular AS titular_17, t4.cliente_oid AS cliente_oid_18 FROM mercat_cuenta t0 LEFT JOIN mercat_cuenta_corriente t1 ON t0.oid = t1.oid LEFT JOIN mercat_caja t2 ON t0.oid = t2.oid LEFT JOIN mercat_banco t3 ON t0.oid = t3.oid LEFT JOIN mercat_tarjeta t4 ON t0.oid = t4.oid WHERE t0.oid = ?
Params: Array
(
    [0] => 1
)

Types: Array
(
    [0] => integer
)

==========================

 2022-10-11T14:19:06-03:00 DEBUG stop query
 2022-10-11T14:19:06-03:00 DEBUG 
==========================
Sql: SELECT m0_.oid AS oid_0, m0_.fecha AS fecha_1, m0_.haber AS haber_2, m0_.debe AS debe_3, m0_.saldo AS saldo_4, m0_.observaciones AS observaciones_5, m1_.oid AS oid_6, m1_.numero AS numero_7, m1_.fecha AS fecha_8, m1_.saldoInicial AS saldoInicial_9, m1_.saldo AS saldo_10, m4_.nombre AS nombre_11, m4_.cbu AS cbu_12, m4_.titular AS titular_13, m4_.cuit AS cuit_14, m5_.marca AS marca_15, m5_.nro AS nro_16, m5_.titular AS titular_17, m6_.oid AS oid_18, m6_.nombre AS nombre_19, m0_.discr AS discr_20, m0_.cuenta_oid AS cuenta_oid_21, m0_.concepto_oid AS concepto_oid_22, m0_.user_oid AS user_oid_23, m0_.venta_oid AS venta_oid_24, m0_.gasto_oid AS gasto_oid_25, m0_.actualizacion_oid AS actualizacion_oid_26, m0_.pago_oid AS pago_oid_27, m0_.pedido_oid AS pedido_oid_28, m1_.discr AS discr_29, m2_.cliente_oid AS cliente_oid_30, m5_.cliente_oid AS cliente_oid_31 FROM mercat_movimiento_caja m0_ LEFT JOIN mercat_cuenta m1_ ON m0_.cuenta_oid = m1_.oid LEFT JOIN mercat_cuenta_corriente m2_ ON m1_.oid = m2_.oid LEFT JOIN mercat_caja m3_ ON m1_.oid = m3_.oid LEFT JOIN mercat_banco m4_ ON m1_.oid = m4_.oid LEFT JOIN mercat_tarjeta m5_ ON m1_.oid = m5_.oid LEFT JOIN mercat_concepto_movimiento m6_ ON m0_.concepto_oid = m6_.oid WHERE (m0_.fecha LIKE '2022-10-11%' AND m1_.oid = 1) AND m0_.discr IN ('venta', 'gasto', 'actualizacion', 'pago', 'pedido')
Params: Array
(
)

Types: Array
(
)

==========================

 2022-10-11T14:19:06-03:00 DEBUG stop query
 2022-10-11T14:19:06-03:00 DEBUG 
==========================
Sql: SELECT SUM(m0_.debe) AS sclr_0, SUM(m0_.haber) AS sclr_1 FROM mercat_movimiento_caja m0_ LEFT JOIN mercat_cuenta m1_ ON m0_.cuenta_oid = m1_.oid LEFT JOIN mercat_cuenta_corriente m2_ ON m1_.oid = m2_.oid LEFT JOIN mercat_caja m3_ ON m1_.oid = m3_.oid LEFT JOIN mercat_banco m4_ ON m1_.oid = m4_.oid LEFT JOIN mercat_tarjeta m5_ ON m1_.oid = m5_.oid WHERE (MONTH(m0_.fecha) = 10 AND YEAR(m0_.fecha) = 2022 AND DAY(m0_.fecha) = 11) AND m0_.discr IN ('venta')
Params: Array
(
)

Types: Array
(
)

==========================

 2022-10-11T14:19:06-03:00 DEBUG stop query
 2022-10-11T14:19:06-03:00 DEBUG 
==========================
Sql: SELECT SUM(m0_.debe) AS sclr_0, SUM(m0_.haber) AS sclr_1 FROM mercat_movimiento_caja m0_ LEFT JOIN mercat_cuenta m1_ ON m0_.cuenta_oid = m1_.oid LEFT JOIN mercat_cuenta_corriente m2_ ON m1_.oid = m2_.oid LEFT JOIN mercat_caja m3_ ON m1_.oid = m3_.oid LEFT JOIN mercat_banco m4_ ON m1_.oid = m4_.oid LEFT JOIN mercat_tarjeta m5_ ON m1_.oid = m5_.oid WHERE (MONTH(m0_.fecha) = 10 AND YEAR(m0_.fecha) = 2022 AND DAY(m0_.fecha) = 11) AND m0_.discr IN ('gasto')
Params: Array
(
)

Types: Array
(
)

==========================

 2022-10-11T14:19:06-03:00 DEBUG stop query
 2022-10-11T14:19:06-03:00 DEBUG 
==========================
Sql: SELECT m0_.oid AS oid_0, m0_.numero AS numero_1, m0_.fecha AS fecha_2, m0_.saldoInicial AS saldoInicial_3, m0_.saldo AS saldo_4, m1_.marca AS marca_5, m1_.nro AS nro_6, m1_.titular AS titular_7, m2_.oid AS oid_8, m2_.nombre AS nombre_9, m2_.tipoCliente AS tipoCliente_10, m2_.tipoDocumento AS tipoDocumento_11, m2_.documento AS documento_12, m2_.cuit AS cuit_13, m2_.sexo AS sexo_14, m2_.mail AS mail_15, m2_.telefono AS telefono_16, m2_.celular AS celular_17, m2_.laboral AS laboral_18, m2_.direccion AS direccion_19, m2_.nacimiento AS nacimiento_20, m2_.fecha AS fecha_21, m2_.ultModificacion AS ultModificacion_22, m2_.observaciones AS observaciones_23, m0_.discr AS discr_24, m1_.cliente_oid AS cliente_oid_25, m2_.localidad_oid AS localidad_oid_26, m2_.cuentaCorriente_oid AS cuentaCorriente_oid_27 FROM mercat_tarjeta m1_ INNER JOIN mercat_cuenta m0_ ON m1_.oid = m0_.oid LEFT JOIN mercat_cliente m2_ ON m1_.cliente_oid = m2_.oid LIMIT 18446744073709551615 OFFSET 0
Params: Array
(
)

Types: Array
(
)

==========================

 2022-10-11T14:19:06-03:00 DEBUG stop query
 2022-10-11T14:19:06-03:00 DEBUG 
==========================
Sql: SELECT m0_.oid AS oid_0, m0_.fecha AS fecha_1, m0_.haber AS haber_2, m0_.debe AS debe_3, m0_.saldo AS saldo_4, m0_.observaciones AS observaciones_5, m1_.oid AS oid_6, m1_.numero AS numero_7, m1_.fecha AS fecha_8, m1_.saldoInicial AS saldoInicial_9, m1_.saldo AS saldo_10, m4_.nombre AS nombre_11, m4_.cbu AS cbu_12, m4_.titular AS titular_13, m4_.cuit AS cuit_14, m5_.marca AS marca_15, m5_.nro AS nro_16, m5_.titular AS titular_17, m6_.oid AS oid_18, m6_.nombre AS nombre_19, m0_.discr AS discr_20, m0_.cuenta_oid AS cuenta_oid_21, m0_.concepto_oid AS concepto_oid_22, m0_.user_oid AS user_oid_23, m0_.venta_oid AS venta_oid_24, m0_.gasto_oid AS gasto_oid_25, m0_.actualizacion_oid AS actualizacion_oid_26, m0_.pago_oid AS pago_oid_27, m0_.pedido_oid AS pedido_oid_28, m1_.discr AS discr_29, m2_.cliente_oid AS cliente_oid_30, m5_.cliente_oid AS cliente_oid_31 FROM mercat_movimiento_caja m0_ LEFT JOIN mercat_cuenta m1_ ON m0_.cuenta_oid = m1_.oid LEFT JOIN mercat_cuenta_corriente m2_ ON m1_.oid = m2_.oid LEFT JOIN mercat_caja m3_ ON m1_.oid = m3_.oid LEFT JOIN mercat_banco m4_ ON m1_.oid = m4_.oid LEFT JOIN mercat_tarjeta m5_ ON m1_.oid = m5_.oid LEFT JOIN mercat_concepto_movimiento m6_ ON m0_.concepto_oid = m6_.oid WHERE (m0_.fecha LIKE '2022-10-11%') AND m0_.discr IN ('venta', 'gasto', 'actualizacion', 'pago', 'pedido')
Params: Array
(
)

Types: Array
(
)

==========================

 2022-10-11T14:19:06-03:00 DEBUG stop query
 2022-10-11T14:19:06-03:00 DEBUG 
==========================
Sql: SELECT m0_.oid AS oid_0, m0_.numero AS numero_1, m0_.fecha AS fecha_2, m0_.saldoInicial AS saldoInicial_3, m0_.saldo AS saldo_4, m1_.oid AS oid_5, m1_.nombre AS nombre_6, m1_.tipoCliente AS tipoCliente_7, m1_.tipoDocumento AS tipoDocumento_8, m1_.documento AS documento_9, m1_.cuit AS cuit_10, m1_.sexo AS sexo_11, m1_.mail AS mail_12, m1_.telefono AS telefono_13, m1_.celular AS celular_14, m1_.laboral AS laboral_15, m1_.direccion AS direccion_16, m1_.nacimiento AS nacimiento_17, m1_.fecha AS fecha_18, m1_.ultModificacion AS ultModificacion_19, m1_.observaciones AS observaciones_20, m0_.discr AS discr_21, m2_.cliente_oid AS cliente_oid_22, m1_.localidad_oid AS localidad_oid_23, m1_.cuentaCorriente_oid AS cuentaCorriente_oid_24 FROM mercat_cuenta_corriente m2_ INNER JOIN mercat_cuenta m0_ ON m2_.oid = m0_.oid LEFT JOIN mercat_cliente m1_ ON m2_.cliente_oid = m1_.oid LIMIT 18446744073709551615 OFFSET 0
Params: Array
(
)

Types: Array
(
)

==========================

 2022-10-11T14:19:06-03:00 DEBUG stop query
 2022-10-11T14:19:06-03:00 DEBUG 
==========================
Sql: SELECT m0_.oid AS oid_0, m0_.fecha AS fecha_1, m0_.haber AS haber_2, m0_.debe AS debe_3, m0_.saldo AS saldo_4, m0_.observaciones AS observaciones_5, m1_.oid AS oid_6, m1_.numero AS numero_7, m1_.fecha AS fecha_8, m1_.saldoInicial AS saldoInicial_9, m1_.saldo AS saldo_10, m4_.nombre AS nombre_11, m4_.cbu AS cbu_12, m4_.titular AS titular_13, m4_.cuit AS cuit_14, m5_.marca AS marca_15, m5_.nro AS nro_16, m5_.titular AS titular_17, m6_.oid AS oid_18, m6_.nombre AS nombre_19, m0_.discr AS discr_20, m0_.cuenta_oid AS cuenta_oid_21, m0_.concepto_oid AS concepto_oid_22, m0_.user_oid AS user_oid_23, m0_.venta_oid AS venta_oid_24, m0_.gasto_oid AS gasto_oid_25, m0_.actualizacion_oid AS actualizacion_oid_26, m0_.pago_oid AS pago_oid_27, m0_.pedido_oid AS pedido_oid_28, m1_.discr AS discr_29, m2_.cliente_oid AS cliente_oid_30, m5_.cliente_oid AS cliente_oid_31 FROM mercat_movimiento_caja m0_ LEFT JOIN mercat_cuenta m1_ ON m0_.cuenta_oid = m1_.oid LEFT JOIN mercat_cuenta_corriente m2_ ON m1_.oid = m2_.oid LEFT JOIN mercat_caja m3_ ON m1_.oid = m3_.oid LEFT JOIN mercat_banco m4_ ON m1_.oid = m4_.oid LEFT JOIN mercat_tarjeta m5_ ON m1_.oid = m5_.oid LEFT JOIN mercat_concepto_movimiento m6_ ON m0_.concepto_oid = m6_.oid WHERE (m0_.fecha LIKE '2022-10-11%') AND m0_.discr IN ('venta', 'gasto', 'actualizacion', 'pago', 'pedido')
Params: Array
(
)

Types: Array
(
)

==========================

 2022-10-11T14:19:06-03:00 DEBUG stop query
 2022-10-11T14:19:14-03:00 INFO  Logger mercat ui configurado!
 2022-10-11T14:19:15-03:00 DEBUG 
==========================
Sql: SELECT t0.oid AS oid_1, t0.nombre AS nombre_2, t0.tipoCliente AS tipoCliente_3, t0.tipoDocumento AS tipoDocumento_4, t0.documento AS documento_5, t0.cuit AS cuit_6, t0.sexo AS sexo_7, t0.mail AS mail_8, t0.telefono AS telefono_9, t0.celular AS celular_10, t0.laboral AS laboral_11, t0.direccion AS direccion_12, t0.nacimiento AS nacimiento_13, t0.fecha AS fecha_14, t0.ultModificacion AS ultModificacion_15, t0.observaciones AS observaciones_16, t0.localidad_oid AS localidad_oid_17, t0.cuentaCorriente_oid AS cuentaCorriente_oid_18 FROM mercat_cliente t0 WHERE t0.oid = ?
Params: Array
(
    [0] => 1
)

Types: Array
(
    [0] => integer
)

==========================

 2022-10-11T14:19:15-03:00 DEBUG stop query
 2022-10-11T14:19:15-03:00 DEBUG 
==========================
Sql: SELECT t0.oid AS oid_1, t0.comision AS comision_2, t0.nombre AS nombre_3, t0.mail AS mail_4, t0.telefono AS telefono_5, t0.direccion AS direccion_6, t0.mayorista AS mayorista_7 FROM mercat_vendedor t0 WHERE t0.oid = ?
Params: Array
(
    [0] => 1
)

Types: Array
(
    [0] => integer
)

==========================

 2022-10-11T14:19:15-03:00 DEBUG stop query
 2022-10-11T14:19:15-03:00 DEBUG 
==========================
Sql: SELECT s0_.oid AS oid_0, s0_.username AS username_1, s0_.password AS password_2, s0_.name AS name_3, s0_.email AS email_4, s0_.lastLogin AS lastLogin_5, s0_.loginFrom AS loginFrom_6, s0_.logged AS logged_7, s0_.lastname AS lastname_8 FROM security_user s0_ LEFT JOIN security_users_groups s2_ ON s0_.oid = s2_.user_oid LEFT JOIN security_usergroup s1_ ON s1_.oid = s2_.usergroup_oid WHERE s0_.username = ?
Params: Array
(
    [0] => mpinia
)

Types: Array
(
    [0] => 2
)

==========================

 2022-10-11T14:19:15-03:00 DEBUG stop query
 2022-10-11T14:19:15-03:00 DEBUG 
==========================
Sql: SELECT m0_.oid AS oid_0, m0_.nombre AS nombre_1, m0_.tipoCliente AS tipoCliente_2, m0_.tipoDocumento AS tipoDocumento_3, m0_.documento AS documento_4, m0_.cuit AS cuit_5, m0_.sexo AS sexo_6, m0_.mail AS mail_7, m0_.telefono AS telefono_8, m0_.celular AS celular_9, m0_.laboral AS laboral_10, m0_.direccion AS direccion_11, m0_.nacimiento AS nacimiento_12, m0_.fecha AS fecha_13, m0_.ultModificacion AS ultModificacion_14, m0_.observaciones AS observaciones_15, m1_.oid AS oid_16, m1_.numero AS numero_17, m1_.fecha AS fecha_18, m1_.saldoInicial AS saldoInicial_19, m1_.saldo AS saldo_20, m0_.localidad_oid AS localidad_oid_21, m0_.cuentaCorriente_oid AS cuentaCorriente_oid_22, m1_.discr AS discr_23, m2_.cliente_oid AS cliente_oid_24 FROM mercat_cliente m0_ LEFT JOIN mercat_cuenta_corriente m2_ ON m0_.cuentaCorriente_oid = m2_.oid LEFT JOIN mercat_cuenta m1_ ON m2_.oid = m1_.oid LIMIT 18446744073709551615 OFFSET 0
Params: Array
(
)

Types: Array
(
)

==========================

 2022-10-11T14:19:15-03:00 DEBUG stop query
 2022-10-11T14:19:15-03:00 DEBUG 
==========================
Sql: SELECT s0_.oid AS oid_0, s0_.username AS username_1, s0_.password AS password_2, s0_.name AS name_3, s0_.email AS email_4, s0_.lastLogin AS lastLogin_5, s0_.loginFrom AS loginFrom_6, s0_.logged AS logged_7, s0_.lastname AS lastname_8 FROM security_user s0_ LEFT JOIN security_users_groups s2_ ON s0_.oid = s2_.user_oid LEFT JOIN security_usergroup s1_ ON s1_.oid = s2_.usergroup_oid WHERE s0_.username = ?
Params: Array
(
    [0] => mpinia
)

Types: Array
(
    [0] => 2
)

==========================

 2022-10-11T14:19:15-03:00 DEBUG stop query
 2022-10-11T14:19:15-03:00 DEBUG 
==========================
Sql: SELECT m0_.oid AS oid_0, m0_.comision AS comision_1, m0_.nombre AS nombre_2, m0_.mail AS mail_3, m0_.telefono AS telefono_4, m0_.direccion AS direccion_5, m0_.mayorista AS mayorista_6 FROM mercat_vendedor m0_ LIMIT 18446744073709551615 OFFSET 0
Params: Array
(
)

Types: Array
(
)

==========================

 2022-10-11T14:19:15-03:00 DEBUG stop query
 2022-10-11T14:19:16-03:00 INFO  fillFromSaved
 2022-10-11T14:19:17-03:00 INFO  Logger mercat ui configurado!
 2022-10-11T14:19:17-03:00 INFO  Component Extend 
 2022-10-11T14:19:17-03:00 INFO  Logger mercat ui configurado!
 2022-10-11T14:19:18-03:00 DEBUG 
==========================
Sql: SELECT t0.oid AS oid_1, t0.nombre AS nombre_2, t0.tipoCliente AS tipoCliente_3, t0.tipoDocumento AS tipoDocumento_4, t0.documento AS documento_5, t0.cuit AS cuit_6, t0.sexo AS sexo_7, t0.mail AS mail_8, t0.telefono AS telefono_9, t0.celular AS celular_10, t0.laboral AS laboral_11, t0.direccion AS direccion_12, t0.nacimiento AS nacimiento_13, t0.fecha AS fecha_14, t0.ultModificacion AS ultModificacion_15, t0.observaciones AS observaciones_16, t0.localidad_oid AS localidad_oid_17, t0.cuentaCorriente_oid AS cuentaCorriente_oid_18 FROM mercat_cliente t0 WHERE t0.oid = ?
Params: Array
(
    [0] => 1
)

Types: Array
(
    [0] => integer
)

==========================

 2022-10-11T14:19:18-03:00 DEBUG stop query
 2022-10-11T14:19:24-03:00 INFO  Logger mercat ui configurado!
 2022-10-11T14:19:25-03:00 INFO  Component Extend 
 